<?xml version="1.0" encoding="UTF-8"?>
<testng-results skipped="0" failed="0" total="1" passed="1">
  <reporter-output>
  </reporter-output>
  <suite name="Default suite" duration-ms="10001" started-at="2020-12-27T18:27:49Z" finished-at="2020-12-27T18:27:59Z">
    <groups>
    </groups>
    <test name="Default test" duration-ms="10001" started-at="2020-12-27T18:27:49Z" finished-at="2020-12-27T18:27:59Z">
      <class name="com.diego.frescoplay.learning_linkedin.todoEnUno">
        <test-method status="PASS" signature="antes()[pri:0, instance:null(com.diego.frescoplay.learning_linkedin.todoEnUno)]" name="antes" is-config="true" duration-ms="8027" started-at="2020-12-27T13:27:49Z" finished-at="2020-12-27T13:27:57Z">
          <reporter-output>
          </reporter-output>
        </test-method> <!-- antes -->
        <test-method status="PASS" signature="test()[pri:0, instance:null(com.diego.frescoplay.learning_linkedin.todoEnUno)]" name="test" duration-ms="1950" started-at="2020-12-27T13:27:57Z" finished-at="2020-12-27T13:27:59Z">
          <reporter-output>
          </reporter-output>
        </test-method> <!-- test -->
      </class> <!-- com.diego.frescoplay.learning_linkedin.todoEnUno -->
    </test> <!-- Default test -->
  </suite> <!-- Default suite -->
</testng-results>
